<?xml version="1.0" encoding="UTF-8"?>
<!-- Generated by org.testng.reporters.JUnitXMLReporter -->
<testsuite hostname="W7P-QAT-SUN" ignored="0" name="Default test" tests="7" failures="0" timestamp="2021-04-23T18:42:17 IST" time="15.138" errors="0">
  <testcase name="test1_canLoadAuthenticationPlayground" time="2.844" classname="Tests.SignUpTestNGExample"/>
  <testcase name="test2_canClickSignUpButton" time="0.086" classname="Tests.SignUpTestNGExample"/>
  <testcase name="test3_canCreateEmailAddressAndSignUp" time="2.043" classname="Tests.SignUpTestNGExample"/>
  <testcase name="test4_canReceiveConfirmationEmail" time="3.379" classname="Tests.SignUpTestNGExample"/>
  <testcase name="test5_canExtractConfirmationCodeFromEmail" time="0.002" classname="Tests.SignUpTestNGExample"/>
  <testcase name="test6_canSubmitVerificationCodeToPlayground" time="0.117" classname="Tests.SignUpTestNGExample"/>
  <testcase name="test7_canLoginWithConfirmedUser" time="6.612" classname="Tests.SignUpTestNGExample"/>
</testsuite> <!-- Default test -->
