<?xml version="1.0" encoding="UTF-8"?>
<testng-results skipped="0" failed="0" ignored="0" total="1" passed="1">
  <reporter-output>
  </reporter-output>
  <suite name="Default suite" duration-ms="516374" started-at="2020-05-19T03:52:03Z" finished-at="2020-05-19T04:00:39Z">
    <groups>
    </groups>
    <test name="Default test" duration-ms="516374" started-at="2020-05-19T03:52:03Z" finished-at="2020-05-19T04:00:39Z">
      <class name="testcases.VerifyURLStatus">
        <test-method status="PASS" signature="verifyURLStatus()[pri:0, instance:testcases.VerifyURLStatus@4fb64261]" name="verifyURLStatus" duration-ms="516339" started-at="2020-05-19T03:52:03Z" finished-at="2020-05-19T04:00:39Z">
          <reporter-output>
          </reporter-output>
        </test-method> <!-- verifyURLStatus -->
      </class> <!-- testcases.VerifyURLStatus -->
    </test> <!-- Default test -->
  </suite> <!-- Default suite -->
</testng-results>
