<?xml version="1.0" encoding="UTF-8"?>
<testng-results skipped="0" failed="0" ignored="0" total="1" passed="1">
  <reporter-output>
  </reporter-output>
  <suite name="Default suite" duration-ms="20195" started-at="2020-05-10T18:03:34 IST" finished-at="2020-05-10T18:03:54 IST">
    <groups>
    </groups>
    <test name="Default test" duration-ms="20195" started-at="2020-05-10T18:03:34 IST" finished-at="2020-05-10T18:03:54 IST">
      <class name="com.wordpress.testcase.VerifyWordpressLoginNew">
        <test-method status="PASS" signature="Verifyvalidlogin()[pri:0, instance:com.wordpress.testcase.VerifyWordpressLoginNew@704a52ec]" name="Verifyvalidlogin" duration-ms="20138" started-at="2020-05-10T18:03:34 IST" finished-at="2020-05-10T18:03:54 IST">
          <reporter-output>
          </reporter-output>
        </test-method> <!-- Verifyvalidlogin -->
      </class> <!-- com.wordpress.testcase.VerifyWordpressLoginNew -->
    </test> <!-- Default test -->
  </suite> <!-- Default suite -->
</testng-results>
