<?xml version="1.0" encoding="UTF-8"?>
<testng-results skipped="0" failed="0" ignored="0" total="7" passed="7">
  <reporter-output>
  </reporter-output>
  <suite name="Default suite" duration-ms="15138" started-at="2021-04-23T18:42:02 IST" finished-at="2021-04-23T18:42:17 IST">
    <groups>
    </groups>
    <test name="Default test" duration-ms="15138" started-at="2021-04-23T18:42:02 IST" finished-at="2021-04-23T18:42:17 IST">
      <class name="Tests.SignUpTestNGExample">
        <test-method status="PASS" signature="initTestSuite()[pri:0, instance:Tests.SignUpTestNGExample@1a8a8f7c]" name="initTestSuite" is-config="true" duration-ms="4370" started-at="2021-04-23T18:41:58 IST" finished-at="2021-04-23T18:42:02 IST">
          <reporter-output>
          </reporter-output>
        </test-method> <!-- initTestSuite -->
        <test-method status="PASS" signature="test1_canLoadAuthenticationPlayground()[pri:0, instance:Tests.SignUpTestNGExample@1a8a8f7c]" name="test1_canLoadAuthenticationPlayground" duration-ms="2844" started-at="2021-04-23T18:42:02 IST" finished-at="2021-04-23T18:42:05 IST">
          <reporter-output>
          </reporter-output>
        </test-method> <!-- test1_canLoadAuthenticationPlayground -->
        <test-method status="PASS" signature="test2_canClickSignUpButton()[pri:0, instance:Tests.SignUpTestNGExample@1a8a8f7c]" name="test2_canClickSignUpButton" duration-ms="86" started-at="2021-04-23T18:42:05 IST" finished-at="2021-04-23T18:42:05 IST">
          <reporter-output>
          </reporter-output>
        </test-method> <!-- test2_canClickSignUpButton -->
        <test-method status="PASS" signature="test3_canCreateEmailAddressAndSignUp()[pri:0, instance:Tests.SignUpTestNGExample@1a8a8f7c]" name="test3_canCreateEmailAddressAndSignUp" duration-ms="2043" started-at="2021-04-23T18:42:05 IST" finished-at="2021-04-23T18:42:07 IST">
          <reporter-output>
          </reporter-output>
        </test-method> <!-- test3_canCreateEmailAddressAndSignUp -->
        <test-method status="PASS" signature="test4_canReceiveConfirmationEmail()[pri:0, instance:Tests.SignUpTestNGExample@1a8a8f7c]" name="test4_canReceiveConfirmationEmail" duration-ms="3379" started-at="2021-04-23T18:42:07 IST" finished-at="2021-04-23T18:42:11 IST">
          <reporter-output>
          </reporter-output>
        </test-method> <!-- test4_canReceiveConfirmationEmail -->
        <test-method status="PASS" signature="test5_canExtractConfirmationCodeFromEmail()[pri:0, instance:Tests.SignUpTestNGExample@1a8a8f7c]" name="test5_canExtractConfirmationCodeFromEmail" duration-ms="2" started-at="2021-04-23T18:42:11 IST" finished-at="2021-04-23T18:42:11 IST">
          <reporter-output>
          </reporter-output>
        </test-method> <!-- test5_canExtractConfirmationCodeFromEmail -->
        <test-method status="PASS" signature="test6_canSubmitVerificationCodeToPlayground()[pri:0, instance:Tests.SignUpTestNGExample@1a8a8f7c]" name="test6_canSubmitVerificationCodeToPlayground" duration-ms="117" started-at="2021-04-23T18:42:11 IST" finished-at="2021-04-23T18:42:11 IST">
          <reporter-output>
          </reporter-output>
        </test-method> <!-- test6_canSubmitVerificationCodeToPlayground -->
        <test-method status="PASS" signature="test7_canLoginWithConfirmedUser()[pri:0, instance:Tests.SignUpTestNGExample@1a8a8f7c]" name="test7_canLoginWithConfirmedUser" duration-ms="6612" started-at="2021-04-23T18:42:11 IST" finished-at="2021-04-23T18:42:17 IST">
          <reporter-output>
          </reporter-output>
        </test-method> <!-- test7_canLoginWithConfirmedUser -->
        <test-method status="PASS" signature="tearDown()[pri:0, instance:Tests.SignUpTestNGExample@1a8a8f7c]" name="tearDown" is-config="true" duration-ms="0" started-at="2021-04-23T18:42:17 IST" finished-at="2021-04-23T18:42:17 IST">
          <reporter-output>
          </reporter-output>
        </test-method> <!-- tearDown -->
      </class> <!-- Tests.SignUpTestNGExample -->
    </test> <!-- Default test -->
  </suite> <!-- Default suite -->
</testng-results>
