<?xml version="1.0" encoding="UTF-8"?>
<testng-results skipped="0" failed="1" ignored="0" total="7" passed="6">
  <reporter-output>
  </reporter-output>
  <suite name="Default suite" duration-ms="47757" started-at="2021-04-23T18:18:34 IST" finished-at="2021-04-23T18:19:21 IST">
    <groups>
    </groups>
    <test name="Default test" duration-ms="47757" started-at="2021-04-23T18:18:34 IST" finished-at="2021-04-23T18:19:21 IST">
      <class name="Tests.SignUpTestNGExample">
        <test-method status="PASS" signature="initTestSuite()[pri:0, instance:Tests.SignUpTestNGExample@1a8a8f7c]" name="initTestSuite" is-config="true" duration-ms="6164" started-at="2021-04-23T18:18:27 IST" finished-at="2021-04-23T18:18:34 IST">
          <reporter-output>
          </reporter-output>
        </test-method> <!-- initTestSuite -->
        <test-method status="PASS" signature="test1_canLoadAuthenticationPlayground()[pri:0, instance:Tests.SignUpTestNGExample@1a8a8f7c]" name="test1_canLoadAuthenticationPlayground" duration-ms="5568" started-at="2021-04-23T18:18:34 IST" finished-at="2021-04-23T18:18:39 IST">
          <reporter-output>
          </reporter-output>
        </test-method> <!-- test1_canLoadAuthenticationPlayground -->
        <test-method status="PASS" signature="test2_canClickSignUpButton()[pri:0, instance:Tests.SignUpTestNGExample@1a8a8f7c]" name="test2_canClickSignUpButton" duration-ms="102" started-at="2021-04-23T18:18:39 IST" finished-at="2021-04-23T18:18:39 IST">
          <reporter-output>
          </reporter-output>
        </test-method> <!-- test2_canClickSignUpButton -->
        <test-method status="PASS" signature="test3_canCreateEmailAddressAndSignUp()[pri:0, instance:Tests.SignUpTestNGExample@1a8a8f7c]" name="test3_canCreateEmailAddressAndSignUp" duration-ms="2164" started-at="2021-04-23T18:18:39 IST" finished-at="2021-04-23T18:18:41 IST">
          <reporter-output>
          </reporter-output>
        </test-method> <!-- test3_canCreateEmailAddressAndSignUp -->
        <test-method status="PASS" signature="test4_canReceiveConfirmationEmail()[pri:0, instance:Tests.SignUpTestNGExample@1a8a8f7c]" name="test4_canReceiveConfirmationEmail" duration-ms="3389" started-at="2021-04-23T18:18:41 IST" finished-at="2021-04-23T18:18:45 IST">
          <reporter-output>
          </reporter-output>
        </test-method> <!-- test4_canReceiveConfirmationEmail -->
        <test-method status="PASS" signature="test5_canExtractConfirmationCodeFromEmail()[pri:0, instance:Tests.SignUpTestNGExample@1a8a8f7c]" name="test5_canExtractConfirmationCodeFromEmail" duration-ms="1" started-at="2021-04-23T18:18:45 IST" finished-at="2021-04-23T18:18:45 IST">
          <reporter-output>
          </reporter-output>
        </test-method> <!-- test5_canExtractConfirmationCodeFromEmail -->
        <test-method status="PASS" signature="test6_canSubmitVerificationCodeToPlayground()[pri:0, instance:Tests.SignUpTestNGExample@1a8a8f7c]" name="test6_canSubmitVerificationCodeToPlayground" duration-ms="114" started-at="2021-04-23T18:18:45 IST" finished-at="2021-04-23T18:18:45 IST">
          <reporter-output>
          </reporter-output>
        </test-method> <!-- test6_canSubmitVerificationCodeToPlayground -->
        <test-method status="FAIL" signature="test7_canLoginWithConfirmedUser()[pri:0, instance:Tests.SignUpTestNGExample@1a8a8f7c]" name="test7_canLoginWithConfirmedUser" duration-ms="36357" started-at="2021-04-23T18:18:45 IST" finished-at="2021-04-23T18:19:21 IST">
          <exception class="org.openqa.selenium.NoSuchElementException">
            <message>
              <![CDATA[no such element: Unable to locate element: {"method":"tag name","selector":"h1"}
  (Session info: chrome=90.0.4430.85)
  (Driver info: chromedriver=2.35.528161 (5b82f2d2aae0ca24b877009200ced9065a772e73),platform=Windows NT 6.1.7601 SP1 x86_64) (WARNING: The server did not provide any stacktrace information)
Command duration or timeout: 0 milliseconds
For documentation on this error, please visit: http://seleniumhq.org/exceptions/no_such_element.html
Build info: version: '3.9.1', revision: '63f7b50', time: '2018-02-07T22:25:02.294Z'
System info: host: 'W7P-QAT-SUN', ip: '192.168.43.121', os.name: 'Windows 7', os.arch: 'amd64', os.version: '6.1', java.version: '1.8.0_121'
Driver info: org.openqa.selenium.firefox.FirefoxDriver
Capabilities {acceptInsecureCerts: true, acceptSslCerts: true, applicationCacheEnabled: false, browserConnectionEnabled: false, browserName: chrome, chrome: {chromedriverVersion: 2.35.528161 (5b82f2d2aae0ca..., userDataDir: C:\Users\ADMIN\AppData\Loca...}, cssSelectorsEnabled: true, databaseEnabled: false, handlesAlerts: true, hasTouchScreen: false, javascriptEnabled: true, locationContextEnabled: true, mobileEmulationEnabled: false, nativeEvents: true, networkConnectionEnabled: false, pageLoadStrategy: normal, platform: XP, platformName: XP, rotatable: false, setWindowRect: true, takesHeapSnapshot: true, takesScreenshot: true, unexpectedAlertBehaviour: , unhandledPromptBehavior: , version: 90.0.4430.85, webStorageEnabled: true}
Session ID: 8b5b184ae7d28a6a338f6e018faf91de
*** Element info: {Using=tag name, value=h1}]]>
            </message>
            <full-stacktrace>
              <![CDATA[org.openqa.selenium.NoSuchElementException: no such element: Unable to locate element: {"method":"tag name","selector":"h1"}
  (Session info: chrome=90.0.4430.85)
  (Driver info: chromedriver=2.35.528161 (5b82f2d2aae0ca24b877009200ced9065a772e73),platform=Windows NT 6.1.7601 SP1 x86_64) (WARNING: The server did not provide any stacktrace information)
Command duration or timeout: 0 milliseconds
For documentation on this error, please visit: http://seleniumhq.org/exceptions/no_such_element.html
Build info: version: '3.9.1', revision: '63f7b50', time: '2018-02-07T22:25:02.294Z'
System info: host: 'W7P-QAT-SUN', ip: '192.168.43.121', os.name: 'Windows 7', os.arch: 'amd64', os.version: '6.1', java.version: '1.8.0_121'
Driver info: org.openqa.selenium.firefox.FirefoxDriver
Capabilities {acceptInsecureCerts: true, acceptSslCerts: true, applicationCacheEnabled: false, browserConnectionEnabled: false, browserName: chrome, chrome: {chromedriverVersion: 2.35.528161 (5b82f2d2aae0ca..., userDataDir: C:\Users\ADMIN\AppData\Loca...}, cssSelectorsEnabled: true, databaseEnabled: false, handlesAlerts: true, hasTouchScreen: false, javascriptEnabled: true, locationContextEnabled: true, mobileEmulationEnabled: false, nativeEvents: true, networkConnectionEnabled: false, pageLoadStrategy: normal, platform: XP, platformName: XP, rotatable: false, setWindowRect: true, takesHeapSnapshot: true, takesScreenshot: true, unexpectedAlertBehaviour: , unhandledPromptBehavior: , version: 90.0.4430.85, webStorageEnabled: true}
Session ID: 8b5b184ae7d28a6a338f6e018faf91de
*** Element info: {Using=tag name, value=h1}
at sun.reflect.NativeConstructorAccessorImpl.newInstance0(Native Method)
at sun.reflect.NativeConstructorAccessorImpl.newInstance(NativeConstructorAccessorImpl.java:62)
at sun.reflect.DelegatingConstructorAccessorImpl.newInstance(DelegatingConstructorAccessorImpl.java:45)
at java.lang.reflect.Constructor.newInstance(Constructor.java:423)
at org.openqa.selenium.remote.ErrorHandler.createThrowable(ErrorHandler.java:214)
at org.openqa.selenium.remote.ErrorHandler.throwIfResponseFailed(ErrorHandler.java:166)
at org.openqa.selenium.remote.http.JsonHttpResponseCodec.reconstructValue(JsonHttpResponseCodec.java:40)
at org.openqa.selenium.remote.http.AbstractHttpResponseCodec.decode(AbstractHttpResponseCodec.java:80)
at org.openqa.selenium.remote.http.AbstractHttpResponseCodec.decode(AbstractHttpResponseCodec.java:44)
at org.openqa.selenium.remote.HttpCommandExecutor.execute(HttpCommandExecutor.java:160)
at org.openqa.selenium.remote.service.DriverCommandExecutor.execute(DriverCommandExecutor.java:83)
at org.openqa.selenium.remote.RemoteWebDriver.execute(RemoteWebDriver.java:601)
at org.openqa.selenium.remote.RemoteWebDriver.findElement(RemoteWebDriver.java:371)
at org.openqa.selenium.remote.RemoteWebDriver.findElementByTagName(RemoteWebDriver.java:441)
at org.openqa.selenium.By$ByTagName.findElement(By.java:334)
at org.openqa.selenium.remote.RemoteWebDriver.findElement(RemoteWebDriver.java:363)
at Tests.SignUpTestNGExample.test7_canLoginWithConfirmedUser(SignUpTestNGExample.java:156)
at sun.reflect.NativeMethodAccessorImpl.invoke0(Native Method)
at sun.reflect.NativeMethodAccessorImpl.invoke(NativeMethodAccessorImpl.java:62)
at sun.reflect.DelegatingMethodAccessorImpl.invoke(DelegatingMethodAccessorImpl.java:43)
at java.lang.reflect.Method.invoke(Method.java:498)
at org.testng.internal.MethodInvocationHelper.invokeMethod(MethodInvocationHelper.java:133)
at org.testng.internal.TestInvoker.invokeMethod(TestInvoker.java:584)
at org.testng.internal.TestInvoker.invokeTestMethod(TestInvoker.java:172)
at org.testng.internal.MethodRunner.runInSequence(MethodRunner.java:46)
at org.testng.internal.TestInvoker$MethodInvocationAgent.invoke(TestInvoker.java:804)
at org.testng.internal.TestInvoker.invokeTestMethods(TestInvoker.java:145)
at org.testng.internal.TestMethodWorker.invokeTestMethods(TestMethodWorker.java:146)
at org.testng.internal.TestMethodWorker.run(TestMethodWorker.java:128)
at java.util.ArrayList.forEach(ArrayList.java:1249)
at org.testng.TestRunner.privateRun(TestRunner.java:770)
at org.testng.TestRunner.run(TestRunner.java:591)
at org.testng.SuiteRunner.runTest(SuiteRunner.java:402)
at org.testng.SuiteRunner.runSequentially(SuiteRunner.java:396)
at org.testng.SuiteRunner.privateRun(SuiteRunner.java:355)
at org.testng.SuiteRunner.run(SuiteRunner.java:304)
at org.testng.SuiteRunnerWorker.runSuite(SuiteRunnerWorker.java:53)
at org.testng.SuiteRunnerWorker.run(SuiteRunnerWorker.java:96)
at org.testng.TestNG.runSuitesSequentially(TestNG.java:1180)
at org.testng.TestNG.runSuitesLocally(TestNG.java:1102)
at org.testng.TestNG.runSuites(TestNG.java:1032)
at org.testng.TestNG.run(TestNG.java:1000)
at org.testng.remote.AbstractRemoteTestNG.run(AbstractRemoteTestNG.java:115)
at org.testng.remote.RemoteTestNG.initAndRun(RemoteTestNG.java:251)
at org.testng.remote.RemoteTestNG.main(RemoteTestNG.java:77)
]]>
            </full-stacktrace>
          </exception> <!-- org.openqa.selenium.NoSuchElementException -->
          <reporter-output>
          </reporter-output>
        </test-method> <!-- test7_canLoginWithConfirmedUser -->
        <test-method status="PASS" signature="tearDown()[pri:0, instance:Tests.SignUpTestNGExample@1a8a8f7c]" name="tearDown" is-config="true" duration-ms="1" started-at="2021-04-23T18:19:21 IST" finished-at="2021-04-23T18:19:21 IST">
          <reporter-output>
          </reporter-output>
        </test-method> <!-- tearDown -->
      </class> <!-- Tests.SignUpTestNGExample -->
    </test> <!-- Default test -->
  </suite> <!-- Default suite -->
</testng-results>
