<?xml version="1.0" encoding="UTF-8"?>
<testng-results skipped="0" failed="0" ignored="0" total="1" passed="1">
  <reporter-output>
  </reporter-output>
  <suite name="Default suite" duration-ms="8256" started-at="2021-05-02T06:54:17Z" finished-at="2021-05-02T06:54:25Z">
    <groups>
    </groups>
    <test name="Default test" duration-ms="8256" started-at="2021-05-02T06:54:17Z" finished-at="2021-05-02T06:54:25Z">
      <class name="TestCaseDemo">
        <test-method status="PASS" signature="Setup()[pri:0, instance:TestCaseDemo@401e7803]" name="Setup" is-config="true" duration-ms="5898" started-at="2021-05-02T06:54:17Z" finished-at="2021-05-02T06:54:23Z">
          <reporter-output>
          </reporter-output>
        </test-method> <!-- Setup -->
        <test-method status="PASS" signature="VerifyTitle()[pri:0, instance:TestCaseDemo@401e7803]" name="VerifyTitle" duration-ms="17" started-at="2021-05-02T06:54:23Z" finished-at="2021-05-02T06:54:23Z">
          <reporter-output>
          </reporter-output>
        </test-method> <!-- VerifyTitle -->
        <test-method status="PASS" signature="Teardown()[pri:0, instance:TestCaseDemo@401e7803]" name="Teardown" is-config="true" duration-ms="2317" started-at="2021-05-02T06:54:23Z" finished-at="2021-05-02T06:54:25Z">
          <reporter-output>
          </reporter-output>
        </test-method> <!-- Teardown -->
      </class> <!-- TestCaseDemo -->
    </test> <!-- Default test -->
  </suite> <!-- Default suite -->
</testng-results>
