<?xml version="1.0" encoding="UTF-8"?>
<testng-results skipped="0" failed="0" ignored="0" total="1" passed="1">
  <reporter-output>
  </reporter-output>
  <suite name="Default suite" duration-ms="8942" started-at="2021-04-07T17:15:34 IST" finished-at="2021-04-07T17:15:43 IST">
    <groups>
    </groups>
    <test name="Default test" duration-ms="8942" started-at="2021-04-07T17:15:34 IST" finished-at="2021-04-07T17:15:43 IST">
      <class name="com.ats.testcases.Verifyatslogin">
        <test-method status="PASS" signature="Verifyvalidlogin()[pri:0, instance:com.ats.testcases.Verifyatslogin@11438d26]" name="Verifyvalidlogin" duration-ms="8894" started-at="2021-04-07T17:15:34 IST" finished-at="2021-04-07T17:15:43 IST">
          <reporter-output>
          </reporter-output>
        </test-method> <!-- Verifyvalidlogin -->
      </class> <!-- com.ats.testcases.Verifyatslogin -->
    </test> <!-- Default test -->
  </suite> <!-- Default suite -->
</testng-results>
